2019-04-14 23:10:12
2019-04-14 23:26:56
2019-04-14 23:36:57
2019-04-14 23:37:05<xml><ToUserName><![CDATA[gh_1cf5f3436c21]]></ToUserName>
<FromUserName><![CDATA[og1Jd1PUJ8xq0tCIKMkrLyqobs3s]]></FromUserName>
<CreateTime>1555251395</CreateTime>
<MsgType><![CDATA[text]]></MsgType>
<Content><![CDATA[我操你妈]]></Content>
<MsgId>22265846689877862</MsgId>
</xml>
2019-04-14 23:37:14<xml><ToUserName><![CDATA[gh_1cf5f3436c21]]></ToUserName>
<FromUserName><![CDATA[og1Jd1PUJ8xq0tCIKMkrLyqobs3s]]></FromUserName>
<CreateTime>1555251395</CreateTime>
<MsgType><![CDATA[text]]></MsgType>
<Content><![CDATA[我操你妈]]></Content>
<MsgId>22265846689877862</MsgId>
</xml>
2019-04-14 23:37:37<xml><ToUserName><![CDATA[gh_1cf5f3436c21]]></ToUserName>
<FromUserName><![CDATA[og1Jd1PUJ8xq0tCIKMkrLyqobs3s]]></FromUserName>
<CreateTime>1555251395</CreateTime>
<MsgType><![CDATA[text]]></MsgType>
<Content><![CDATA[我操你妈]]></Content>
<MsgId>22265846689877862</MsgId>
</xml>
2019-04-14 23:37:39<xml><ToUserName><![CDATA[gh_1cf5f3436c21]]></ToUserName>
<FromUserName><![CDATA[og1Jd1PUJ8xq0tCIKMkrLyqobs3s]]></FromUserName>
<CreateTime>1555251395</CreateTime>
<MsgType><![CDATA[text]]></MsgType>
<Content><![CDATA[我操你妈]]></Content>
<MsgId>22265846689877862</MsgId>
</xml>
2019-04-14 23:37:58<xml><ToUserName><![CDATA[gh_1cf5f3436c21]]></ToUserName>
<FromUserName><![CDATA[og1Jd1PUJ8xq0tCIKMkrLyqobs3s]]></FromUserName>
<CreateTime>1555251395</CreateTime>
<MsgType><![CDATA[text]]></MsgType>
<Content><![CDATA[我操你妈]]></Content>
<MsgId>22265846689877862</MsgId>
</xml>
2019-04-14 23:38:04<xml><ToUserName><![CDATA[gh_1cf5f3436c21]]></ToUserName>
<FromUserName><![CDATA[og1Jd1PUJ8xq0tCIKMkrLyqobs3s]]></FromUserName>
<CreateTime>1555251395</CreateTime>
<MsgType><![CDATA[text]]></MsgType>
<Content><![CDATA[我操你妈]]></Content>
<MsgId>22265846689877862</MsgId>
</xml>
2019-04-14 23:38:56<xml><ToUserName><![CDATA[gh_1cf5f3436c21]]></ToUserName>
<FromUserName><![CDATA[og1Jd1PUJ8xq0tCIKMkrLyqobs3s]]></FromUserName>
<CreateTime>1555251395</CreateTime>
<MsgType><![CDATA[text]]></MsgType>
<Content><![CDATA[我操你妈]]></Content>
<MsgId>22265846689877862</MsgId>
</xml>
2019-04-14 23:39:53<xml><ToUserName><![CDATA[gh_1cf5f3436c21]]></ToUserName>
<FromUserName><![CDATA[og1Jd1PUJ8xq0tCIKMkrLyqobs3s]]></FromUserName>
<CreateTime>1555251395</CreateTime>
<MsgType><![CDATA[text]]></MsgType>
<Content><![CDATA[我操你妈]]></Content>
<MsgId>22265846689877862</MsgId>
</xml>

2019-04-14 23:40:46
2019-04-14 23:41:56<xml><ToUserName><![CDATA[gh_1cf5f3436c21]]></ToUserName>
<FromUserName><![CDATA[og1Jd1PUJ8xq0tCIKMkrLyqobs3s]]></FromUserName>
<CreateTime>1555251395</CreateTime>
<MsgType><![CDATA[text]]></MsgType>
<Content><![CDATA[我操你妈]]></Content>
<MsgId>22265846689877862</MsgId>
</xml>

2019-04-14 23:42:32<xml><ToUserName><![CDATA[gh_1cf5f3436c21]]></ToUserName>
<FromUserName><![CDATA[og1Jd1PUJ8xq0tCIKMkrLyqobs3s]]></FromUserName>
<CreateTime>1555251395</CreateTime>
<MsgType><![CDATA[text]]></MsgType>
<Content><![CDATA[我操你妈]]></Content>
<MsgId>22265846689877862</MsgId>
</xml>

2019-04-14 23:43:00

